<?xml version="1.0" encoding="UTF-8"?>
<!-- Generated by org.testng.reporters.JUnitXMLReporter -->
<testsuite ignored="0" hostname="DESKTOP-7MVKVCH" failures="0" tests="5" name="master" time="62.096" errors="0" timestamp="2025-04-11T18:53:07 IST">
  <testcase classname="testCases.TC001_LoginTest" name="verifyLogin" time="4.283"/>
  <testcase classname="testCases.TC003_InvalidCredentialTest" name="invalid_login" time="3.571"/>
  <testcase classname="testCases.TC002_Dashboard" name="display_leaveList" time="18.02"/>
  <testcase classname="testCases.TC004_AddNewEmployeeTest" name="Login" time="4.371"/>
  <testcase classname="testCases.TC004_AddNewEmployeeTest" name="addNewEmp" time="6.244"/>
</testsuite> <!-- master -->
