<?xml version="1.0" encoding="UTF-8"?>
<testng-results ignored="0" total="1" passed="1" failed="0" skipped="0">
  <reporter-output>
  </reporter-output>
  <suite started-at="2025-04-11T17:30:16 IST" name="Default suite" finished-at="2025-04-11T17:30:33 IST" duration-ms="17439">
    <groups>
    </groups>
    <test started-at="2025-04-11T17:30:16 IST" name="Default test" finished-at="2025-04-11T17:30:33 IST" duration-ms="17439">
      <class name="testCases.TC003_InvalidCredentialTest">
        <test-method is-config="true" signature="setup()[pri:0, instance:testCases.TC003_InvalidCredentialTest@7a419da4]" started-at="2025-04-11T17:30:16 IST" name="setup" finished-at="2025-04-11T17:30:29 IST" duration-ms="12983" status="PASS">
          <reporter-output>
          </reporter-output>
        </test-method> <!-- setup -->
        <test-method signature="invalid_login()[pri:0, instance:testCases.TC003_InvalidCredentialTest@7a419da4]" started-at="2025-04-11T17:30:29 IST" name="invalid_login" finished-at="2025-04-11T17:30:33 IST" duration-ms="4170" status="PASS">
          <reporter-output>
          </reporter-output>
        </test-method> <!-- invalid_login -->
        <test-method is-config="true" signature="tearDown()[pri:0, instance:testCases.TC003_InvalidCredentialTest@7a419da4]" started-at="2025-04-11T17:30:33 IST" name="tearDown" finished-at="2025-04-11T17:30:33 IST" duration-ms="229" status="PASS">
          <reporter-output>
          </reporter-output>
        </test-method> <!-- tearDown -->
      </class> <!-- testCases.TC003_InvalidCredentialTest -->
    </test> <!-- Default test -->
  </suite> <!-- Default suite -->
</testng-results>
