<?xml version="1.0" encoding="UTF-8"?>
<testng-results ignored="0" total="5" passed="5" failed="0" skipped="0">
  <reporter-output>
  </reporter-output>
  <suite started-at="2025-04-11T18:52:05 IST" name="Suite" finished-at="2025-04-11T18:53:07 IST" duration-ms="62096">
    <groups>
    </groups>
    <test started-at="2025-04-11T18:52:05 IST" name="master" finished-at="2025-04-11T18:53:07 IST" duration-ms="62096">
      <class name="testCases.TC002_Dashboard">
        <test-method is-config="true" signature="setup()[pri:0, instance:testCases.TC002_Dashboard@4a7f959b]" started-at="2025-04-11T18:52:28 IST" name="setup" finished-at="2025-04-11T18:52:33 IST" duration-ms="5320" status="PASS">
          <reporter-output>
          </reporter-output>
        </test-method> <!-- setup -->
        <test-method signature="display_leaveList()[pri:0, instance:testCases.TC002_Dashboard@4a7f959b]" started-at="2025-04-11T18:52:33 IST" name="display_leaveList" finished-at="2025-04-11T18:52:51 IST" duration-ms="18020" status="PASS">
          <reporter-output>
          </reporter-output>
        </test-method> <!-- display_leaveList -->
        <test-method is-config="true" signature="tearDown()[pri:0, instance:testCases.TC002_Dashboard@4a7f959b]" started-at="2025-04-11T18:52:51 IST" name="tearDown" finished-at="2025-04-11T18:52:51 IST" duration-ms="217" status="PASS">
          <reporter-output>
          </reporter-output>
        </test-method> <!-- tearDown -->
      </class> <!-- testCases.TC002_Dashboard -->
      <class name="testCases.TC001_LoginTest">
        <test-method is-config="true" signature="setup()[pri:0, instance:testCases.TC001_LoginTest@3c73951]" started-at="2025-04-11T18:52:05 IST" name="setup" finished-at="2025-04-11T18:52:13 IST" duration-ms="8159" status="PASS">
          <reporter-output>
          </reporter-output>
        </test-method> <!-- setup -->
        <test-method signature="verifyLogin()[pri:0, instance:testCases.TC001_LoginTest@3c73951]" started-at="2025-04-11T18:52:14 IST" name="verifyLogin" finished-at="2025-04-11T18:52:18 IST" duration-ms="4283" status="PASS">
          <reporter-output>
          </reporter-output>
        </test-method> <!-- verifyLogin -->
        <test-method is-config="true" signature="tearDown()[pri:0, instance:testCases.TC001_LoginTest@3c73951]" started-at="2025-04-11T18:52:18 IST" name="tearDown" finished-at="2025-04-11T18:52:18 IST" duration-ms="230" status="PASS">
          <reporter-output>
          </reporter-output>
        </test-method> <!-- tearDown -->
      </class> <!-- testCases.TC001_LoginTest -->
      <class name="testCases.TC003_InvalidCredentialTest">
        <test-method is-config="true" signature="setup()[pri:0, instance:testCases.TC003_InvalidCredentialTest@3e84448c]" started-at="2025-04-11T18:52:18 IST" name="setup" finished-at="2025-04-11T18:52:24 IST" duration-ms="5748" status="PASS">
          <reporter-output>
          </reporter-output>
        </test-method> <!-- setup -->
        <test-method signature="invalid_login()[pri:0, instance:testCases.TC003_InvalidCredentialTest@3e84448c]" started-at="2025-04-11T18:52:24 IST" name="invalid_login" finished-at="2025-04-11T18:52:27 IST" duration-ms="3571" status="PASS">
          <reporter-output>
          </reporter-output>
        </test-method> <!-- invalid_login -->
        <test-method is-config="true" signature="tearDown()[pri:0, instance:testCases.TC003_InvalidCredentialTest@3e84448c]" started-at="2025-04-11T18:52:27 IST" name="tearDown" finished-at="2025-04-11T18:52:28 IST" duration-ms="194" status="PASS">
          <reporter-output>
          </reporter-output>
        </test-method> <!-- tearDown -->
      </class> <!-- testCases.TC003_InvalidCredentialTest -->
      <class name="testCases.TC004_AddNewEmployeeTest">
        <test-method is-config="true" signature="setup()[pri:0, instance:testCases.TC004_AddNewEmployeeTest@429bffaa]" started-at="2025-04-11T18:52:51 IST" name="setup" finished-at="2025-04-11T18:52:57 IST" duration-ms="5460" status="PASS">
          <reporter-output>
          </reporter-output>
        </test-method> <!-- setup -->
        <test-method signature="Login()[pri:0, instance:testCases.TC004_AddNewEmployeeTest@429bffaa]" started-at="2025-04-11T18:52:57 IST" name="Login" finished-at="2025-04-11T18:53:01 IST" duration-ms="4371" status="PASS">
          <reporter-output>
          </reporter-output>
        </test-method> <!-- Login -->
        <test-method signature="addNewEmp()[pri:0, instance:testCases.TC004_AddNewEmployeeTest@429bffaa]" started-at="2025-04-11T18:53:01 IST" name="addNewEmp" finished-at="2025-04-11T18:53:07 IST" duration-ms="6244" status="PASS">
          <reporter-output>
          </reporter-output>
        </test-method> <!-- addNewEmp -->
        <test-method is-config="true" signature="tearDown()[pri:0, instance:testCases.TC004_AddNewEmployeeTest@429bffaa]" started-at="2025-04-11T18:53:07 IST" name="tearDown" finished-at="2025-04-11T18:53:07 IST" duration-ms="205" status="PASS">
          <reporter-output>
          </reporter-output>
        </test-method> <!-- tearDown -->
      </class> <!-- testCases.TC004_AddNewEmployeeTest -->
    </test> <!-- master -->
  </suite> <!-- Suite -->
</testng-results>
